This is pdfTeX, Version 3.141592653-2.6-1.40.22 (TeX Live 2021 Gentoo Linux) (preloaded format=pdflatex 2022.2.4)  4 FEB 2022 09:46
entering extended mode
 restricted \write18 enabled.
 %&-line parsing enabled.
**refman
(./refman.tex
LaTeX2e <2020-10-01> patch level 4
L3 programming layer <2021-02-18>
(/usr/share/texmf-dist/tex/latex/base/book.cls
Document Class: book 2020/04/10 v1.4m Standard LaTeX document class
(/usr/share/texmf-dist/tex/latex/base/bk10.clo
File: bk10.clo 2020/04/10 v1.4m Standard LaTeX file (size option)
)
\c@part=\count179
\c@chapter=\count180
\c@section=\count181
\c@subsection=\count182
\c@subsubsection=\count183
\c@paragraph=\count184
\c@subparagraph=\count185
\c@figure=\count186
\c@table=\count187
\abovecaptionskip=\skip47
\belowcaptionskip=\skip48
\bibindent=\dimen138
)
(/usr/share/texmf-dist/tex/latex/base/ifthen.sty
Package: ifthen 2014/09/29 v1.1c Standard LaTeX ifthen package (DPC)
)
(/usr/share/texmf-dist/tex/latex/tools/array.sty
Rollback for package 'array' requested -> date 2016-10-06.
         Best approximation is the release introduced on 2016-10-06.

(/usr/share/texmf-dist/tex/latex/tools/array-2016-10-06.sty
Package: array 2016/10/06 v2.4d Tabular extension package (FMi)
\col@sep=\dimen139
\extrarowheight=\dimen140
\NC@list=\toks15
\extratabsurround=\skip49
\backup@length=\skip50
))
(/usr/share/texmf-dist/tex/latex/base/fixltx2e.sty
Package: fixltx2e 2016/12/29 v2.1a fixes to LaTeX (obsolete)
Applying: [2015/01/01] Old fixltx2e package on input line 46.


Package fixltx2e Warning: fixltx2e is not required with releases after 2015
(fixltx2e)                All fixes are now in the LaTeX kernel.
(fixltx2e)                See the latexrelease package for details.

Already applied: [0000/00/00] Old fixltx2e package on input line 53.
) (./doxygen.sty
Package: doxygen 
 (/usr/share/texmf-dist/tex/latex/base/alltt.sty
Package: alltt 1997/06/16 v2.0g defines alltt environment
)
(/usr/share/texmf-dist/tex/latex/tools/calc.sty
Package: calc 2017/05/25 v4.3 Infix arithmetic (KKT,FJ)
\calc@Acount=\count188
\calc@Bcount=\count189
\calc@Adimen=\dimen141
\calc@Bdimen=\dimen142
\calc@Askip=\skip51
\calc@Bskip=\skip52
LaTeX Info: Redefining \setlength on input line 80.
LaTeX Info: Redefining \addtolength on input line 81.
\calc@Ccount=\count190
\calc@Cskip=\skip53
)
(/usr/share/texmf-dist/tex/latex/float/float.sty
Package: float 2001/11/08 v1.3d Float enhancements (AL)
\c@float@type=\count191
\float@exts=\toks16
\float@box=\box47
\@float@everytoks=\toks17
\@floatcapt=\box48
)
(/usr/share/texmf-dist/tex/latex/tools/verbatim.sty
Package: verbatim 2020-07-07 v1.5u LaTeX2e package for verbatim enhancements
\every@verbatim=\toks18
\verbatim@line=\toks19
\verbatim@in@stream=\read2
)
(/usr/share/texmf-dist/tex/latex/xcolor/xcolor.sty
Package: xcolor 2016/05/11 v2.12 LaTeX color extensions (UK)

(/usr/share/texmf-dist/tex/latex/graphics-cfg/color.cfg
File: color.cfg 2016/01/02 v1.6 sample color configuration
)
Package xcolor Info: Driver file: pdftex.def on input line 225.

(/usr/share/texmf-dist/tex/latex/graphics-def/pdftex.def
File: pdftex.def 2020/10/05 v1.2a Graphics/color driver for pdftex
)
(/usr/share/texmf-dist/tex/latex/colortbl/colortbl.sty
Package: colortbl 2020/01/04 v1.0e Color table columns (DPC)
\everycr=\toks20
\minrowclearance=\skip54
)
\rownum=\count192
Package xcolor Info: Model `cmy' substituted by `cmy0' on input line 1348.
Package xcolor Info: Model `hsb' substituted by `rgb' on input line 1352.
Package xcolor Info: Model `RGB' extended on input line 1364.
Package xcolor Info: Model `HTML' substituted by `rgb' on input line 1366.
Package xcolor Info: Model `Hsb' substituted by `hsb' on input line 1367.
Package xcolor Info: Model `tHsb' substituted by `hsb' on input line 1368.
Package xcolor Info: Model `HSB' substituted by `hsb' on input line 1369.
Package xcolor Info: Model `Gray' substituted by `gray' on input line 1370.
Package xcolor Info: Model `wave' substituted by `hsb' on input line 1371.
)
(./longtable_doxygen.sty
Package: longtable_doxygen 2014/10/28 v4.11 Multi-page Table package (DPC) - fr
ozen version for doxygen
\LTleft=\skip55
\LTright=\skip56
\LTpre=\skip57
\LTpost=\skip58
\LTchunksize=\count193
\LTcapwidth=\dimen143
\LT@head=\box49
\LT@firsthead=\box50
\LT@foot=\box51
\LT@lastfoot=\box52
\LT@cols=\count194
\LT@rows=\count195
\c@LT@tables=\count196
\c@LT@chunks=\count197
\LT@p@ftn=\toks21
) (./tabu_doxygen.sty
Package: tabu_doxygen 2011/02/26 v2.8 - flexible LaTeX tabulars (FC), frozen ve
rsion for doxygen

(/usr/share/texmf-dist/tex/latex/varwidth/varwidth.sty
Package: varwidth 2009/03/30 ver 0.92;  Variable-width minipages
\@vwid@box=\box53
\sift@deathcycles=\count198
\@vwid@loff=\dimen144
\@vwid@roff=\dimen145
)
\c@taburow=\count199
\tabu@nbcols=\count266
\tabu@cnt=\count267
\tabu@Xcol=\count268
\tabu@alloc=\count269
\tabu@nested=\count270
\tabu@target=\dimen146
\tabu@spreadtarget=\dimen147
\tabu@naturalX=\dimen148
\tabucolX=\dimen149
\tabu@Xsum=\dimen150
\extrarowdepth=\dimen151
\abovetabulinesep=\dimen152
\belowtabulinesep=\dimen153
\tabustrutrule=\dimen154
\tabu@thebody=\toks22
\tabu@footnotes=\toks23
\tabu@box=\box54
\tabu@arstrutbox=\box55
\tabu@hleads=\box56
\tabu@vleads=\box57
\tabu@cellskip=\skip59
)
(/usr/share/texmf-dist/tex/latex/fancyvrb/fancyvrb.sty
Package: fancyvrb 2021/01/20 v3.7 verbatim text (tvz,hv)

(/usr/share/texmf-dist/tex/latex/graphics/keyval.sty
Package: keyval 2014/10/28 v1.15 key=value parser (DPC)
\KV@toks@=\toks24
)
\FV@CodeLineNo=\count271
\FV@InFile=\read3
\FV@TabBox=\box58
\c@FancyVerbLine=\count272
\FV@StepNumber=\count273
\FV@OutFile=\write3
)
(/usr/share/texmf-dist/tex/latex/tools/tabularx.sty
Package: tabularx 2020/01/15 v2.11c `tabularx' package (DPC)
\TX@col@width=\dimen155
\TX@old@table=\dimen156
\TX@old@col=\dimen157
\TX@target=\dimen158
\TX@delta=\dimen159
\TX@cols=\count274
\TX@ftn=\toks25
)
(/usr/share/texmf-dist/tex/latex/tools/multicol.sty
Package: multicol 2019/12/09 v1.8y multicolumn formatting (FMi)
\c@tracingmulticols=\count275
\mult@box=\box59
\multicol@leftmargin=\dimen160
\c@unbalance=\count276
\c@collectmore=\count277
\doublecol@number=\count278
\multicoltolerance=\count279
\multicolpretolerance=\count280
\full@width=\dimen161
\page@free=\dimen162
\premulticols=\dimen163
\postmulticols=\dimen164
\multicolsep=\skip60
\multicolbaselineskip=\skip61
\partial@page=\box60
\last@line=\box61
\maxbalancingoverflow=\dimen165
\mult@rightbox=\box62
\mult@grightbox=\box63
\mult@gfirstbox=\box64
\mult@firstbox=\box65
\@tempa=\box66
\@tempa=\box67
\@tempa=\box68
\@tempa=\box69
\@tempa=\box70
\@tempa=\box71
\@tempa=\box72
\@tempa=\box73
\@tempa=\box74
\@tempa=\box75
\@tempa=\box76
\@tempa=\box77
\@tempa=\box78
\@tempa=\box79
\@tempa=\box80
\@tempa=\box81
\@tempa=\box82
\@tempa=\box83
\@tempa=\box84
\@tempa=\box85
\@tempa=\box86
\@tempa=\box87
\@tempa=\box88
\@tempa=\box89
\@tempa=\box90
\@tempa=\box91
\@tempa=\box92
\@tempa=\box93
\@tempa=\box94
\@tempa=\box95
\@tempa=\box96
\@tempa=\box97
\@tempa=\box98
\@tempa=\box99
\@tempa=\box100
\@tempa=\box101
\@tempa=\box102
\c@minrows=\count281
\c@columnbadness=\count282
\c@finalcolumnbadness=\count283
\last@try=\dimen166
\multicolovershoot=\dimen167
\multicolundershoot=\dimen168
\mult@nat@firstbox=\box103
\colbreak@box=\box104
\mc@col@check@num=\count284
)
(/usr/share/texmf-dist/tex/latex/multirow/multirow.sty
Package: multirow 2021/03/15 v2.8 Span multiple rows of a table
\multirow@colwidth=\skip62
\multirow@cntb=\count285
\multirow@dima=\skip63
\bigstrutjot=\dimen169
)
(/usr/share/texmf-dist/tex/latex/hanging/hanging.sty
Package: hanging 2009/09/02 v1.2b hanging paragraphs and punctuation
\h@ngcommawd=\skip64
\h@ngfstopwd=\skip65
\h@ngquotewd=\skip66
\h@ngdquotewd=\skip67
\h@ngquerywd=\skip68
\h@ngexclwd=\skip69
\h@ngcolonwd=\skip70
\h@ngscolonwd=\skip71
)
(/usr/share/texmf-dist/tex/generic/iftex/ifpdf.sty
Package: ifpdf 2019/10/25 v3.4 ifpdf legacy package. Use iftex instead.

(/usr/share/texmf-dist/tex/generic/iftex/iftex.sty
Package: iftex 2020/03/06 v1.0d TeX engine tests
))
(/usr/share/texmf-dist/tex/latex/adjustbox/adjustbox.sty
Package: adjustbox 2020/08/19 v1.3 Adjusting TeX boxes (trim, clip, ...)

(/usr/share/texmf-dist/tex/latex/xkeyval/xkeyval.sty
Package: xkeyval 2020/11/20 v2.8 package option processing (HA)

(/usr/share/texmf-dist/tex/generic/xkeyval/xkeyval.tex
(/usr/share/texmf-dist/tex/generic/xkeyval/xkvutils.tex
\XKV@toks=\toks26
\XKV@tempa@toks=\toks27
)
\XKV@depth=\count286
File: xkeyval.tex 2014/12/03 v2.7a key=value parser (HA)
))
(/usr/share/texmf-dist/tex/latex/adjustbox/adjcalc.sty
Package: adjcalc 2012/05/16 v1.1 Provides advanced setlength with multiple back
-ends (calc, etex, pgfmath)
)
(/usr/share/texmf-dist/tex/latex/adjustbox/trimclip.sty
Package: trimclip 2020/08/19 v1.2 Trim and clip general TeX material

(/usr/share/texmf-dist/tex/latex/graphics/graphicx.sty
Package: graphicx 2020/09/09 v1.2b Enhanced LaTeX Graphics (DPC,SPQR)

(/usr/share/texmf-dist/tex/latex/graphics/graphics.sty
Package: graphics 2020/08/30 v1.4c Standard LaTeX Graphics (DPC,SPQR)

(/usr/share/texmf-dist/tex/latex/graphics/trig.sty
Package: trig 2016/01/03 v1.10 sin cos tan (DPC)
)
(/usr/share/texmf-dist/tex/latex/graphics-cfg/graphics.cfg
File: graphics.cfg 2016/06/04 v1.11 sample graphics configuration
)
Package graphics Info: Driver file: pdftex.def on input line 105.
)
\Gin@req@height=\dimen170
\Gin@req@width=\dimen171
)
(/usr/share/texmf-dist/tex/latex/collectbox/collectbox.sty
Package: collectbox 2012/05/17 v0.4b Collect macro arguments as boxes
\collectedbox=\box105
)
\tc@llx=\dimen172
\tc@lly=\dimen173
\tc@urx=\dimen174
\tc@ury=\dimen175
Package trimclip Info: Using driver 'tc-pdftex.def'.

(/usr/share/texmf-dist/tex/latex/adjustbox/tc-pdftex.def
File: tc-pdftex.def 2019/01/04 v2.2 Clipping driver for pdftex
))
\adjbox@Width=\dimen176
\adjbox@Height=\dimen177
\adjbox@Depth=\dimen178
\adjbox@Totalheight=\dimen179
\adjbox@pwidth=\dimen180
\adjbox@pheight=\dimen181
\adjbox@pdepth=\dimen182
\adjbox@ptotalheight=\dimen183

(/usr/share/texmf-dist/tex/latex/ifoddpage/ifoddpage.sty
Package: ifoddpage 2016/04/23 v1.1 Conditionals for odd/even page detection
\c@checkoddpage=\count287
))
(/usr/share/texmf-dist/tex/latex/amsfonts/amssymb.sty
Package: amssymb 2013/01/14 v3.01 AMS font symbols

(/usr/share/texmf-dist/tex/latex/amsfonts/amsfonts.sty
Package: amsfonts 2013/01/14 v3.01 Basic AMSFonts support
\@emptytoks=\toks28
\symAMSa=\mathgroup4
\symAMSb=\mathgroup5
LaTeX Font Info:    Redeclaring math symbol \hbar on input line 98.
LaTeX Font Info:    Overwriting math alphabet `\mathfrak' in version `bold'
(Font)                  U/euf/m/n --> U/euf/b/n on input line 106.
))
(/usr/share/texmf-dist/tex/latex/stackengine/stackengine.sty
Package: stackengine 2017/02/13 v4.01\ Stacking text and objects in convenient 
ways

(/usr/share/texmf-dist/tex/latex/etoolbox/etoolbox.sty
Package: etoolbox 2020/10/05 v2.5k e-TeX tools for LaTeX (JAW)
\etb@tempcnta=\count288
)
(/usr/share/texmf-dist/tex/generic/listofitems/listofitems.sty
(/usr/share/texmf-dist/tex/generic/listofitems/listofitems.tex
\loi_cnt_foreach_nest=\count289
\loi_nestcnt=\count290
)
Package: listofitems 2019/08/21 v1.63 Grab items in lists using user-specified 
sep char (CT)
)
\c@@stackindex=\count291
\@boxshift=\skip72
\stack@tmplength=\skip73
\temp@stkl=\skip74
\@stackedboxwidth=\skip75
\@addedbox=\box106
\@anchorbox=\box107
\stackedbox=\box108
\@centerbox=\box109
\c@ROWcellindex@=\count292
)
(/usr/share/texmf-dist/tex/generic/ulem/ulem.sty
\UL@box=\box110
\UL@hyphenbox=\box111
\UL@skip=\skip76
\UL@hook=\toks29
\UL@height=\dimen184
\UL@pe=\count293
\UL@pixel=\dimen185
\ULC@box=\box112
Package: ulem 2019/11/18
\ULdepth=\dimen186
)
\xrefbox=\box113
\xreflength=\skip77
\CodeWidthChar=\skip78
\CodeHeightChar=\skip79
\DoxyCodeWidth=\skip80
)
(/usr/share/texmf-dist/tex/latex/base/inputenc.sty
Package: inputenc 2020/08/01 v1.3d Input encoding file
\inpenc@prehook=\toks30
\inpenc@posthook=\toks31
)
(/usr/share/texmf-dist/tex/latex/base/makeidx.sty
Package: makeidx 2014/09/29 v1.0m Standard LaTeX package
)
(/usr/share/texmf-dist/tex/latex/base/textcomp.sty
Package: textcomp 2020/02/02 v2.0n Standard LaTeX package
)
(/usr/share/texmf-dist/tex/latex/wasysym/wasysym.sty
Package: wasysym 2020/01/19 v2.4 Wasy-2 symbol support package
\symwasy=\mathgroup6
LaTeX Font Info:    Overwriting symbol font `wasy' in version `bold'
(Font)                  U/wasy/m/n --> U/wasy/b/n on input line 93.
)
(/usr/share/texmf-dist/tex/generic/iftex/ifxetex.sty
Package: ifxetex 2019/10/25 v0.7 ifxetex legacy package. Use iftex instead.
)
(/usr/share/texmf-dist/tex/latex/base/fontenc.sty
Package: fontenc 2020/08/10 v2.0s Standard LaTeX package
)
(/usr/share/texmf-dist/tex/latex/psnfss/helvet.sty
Package: helvet 2020/03/25 PSNFSS-v9.3 (WaS) 
)
(/usr/share/texmf-dist/tex/latex/psnfss/courier.sty
Package: courier 2020/03/25 PSNFSS-v9.3 (WaS) 
)
(/usr/share/texmf-dist/tex/latex/sectsty/sectsty.sty
Package: sectsty 2002/02/25 v2.0.2 Commands to change all sectional heading sty
les


LaTeX Warning: Command \underbar  has changed.
               Check if current package is valid.


LaTeX Warning: Command \underline  has changed.
               Check if current package is valid.

) (/usr/share/texmf-dist/tex/latex/geometry/geometry.sty
Package: geometry 2020/01/02 v5.9 Page Geometry

(/usr/share/texmf-dist/tex/generic/iftex/ifvtex.sty
Package: ifvtex 2019/10/25 v1.7 ifvtex legacy package. Use iftex instead.
)
\Gm@cnth=\count294
\Gm@cntv=\count295
\c@Gm@tempcnt=\count296
\Gm@bindingoffset=\dimen187
\Gm@wd@mp=\dimen188
\Gm@odd@mp=\dimen189
\Gm@even@mp=\dimen190
\Gm@layoutwidth=\dimen191
\Gm@layoutheight=\dimen192
\Gm@layouthoffset=\dimen193
\Gm@layoutvoffset=\dimen194
\Gm@dimlist=\toks32
)
(/usr/share/texmf-dist/tex/latex/fancyhdr/fancyhdr.sty
Package: fancyhdr 2021/01/28 v4.0.1 Extensive control of page headers and foote
rs
\f@nch@headwidth=\skip81
\f@nch@O@elh=\skip82
\f@nch@O@erh=\skip83
\f@nch@O@olh=\skip84
\f@nch@O@orh=\skip85
\f@nch@O@elf=\skip86
\f@nch@O@erf=\skip87
\f@nch@O@olf=\skip88
\f@nch@O@orf=\skip89
)
(/usr/share/texmf-dist/tex/latex/natbib/natbib.sty
Package: natbib 2010/09/13 8.31b (PWD, AO)
\bibhang=\skip90
\bibsep=\skip91
LaTeX Info: Redefining \cite on input line 694.
\c@NAT@ctr=\count297
)
(/usr/share/texmf-dist/tex/latex/tocloft/tocloft.sty
Package: tocloft 2017/08/31 v2.3i parameterised ToC, etc., typesetting
Package tocloft Info: The document has chapter divisions on input line 51.
\cftparskip=\skip92
\cftbeforetoctitleskip=\skip93
\cftaftertoctitleskip=\skip94
\cftbeforepartskip=\skip95
\cftpartnumwidth=\skip96
\cftpartindent=\skip97
\cftbeforechapskip=\skip98
\cftchapindent=\skip99
\cftchapnumwidth=\skip100
\cftbeforesecskip=\skip101
\cftsecindent=\skip102
\cftsecnumwidth=\skip103
\cftbeforesubsecskip=\skip104
\cftsubsecindent=\skip105
\cftsubsecnumwidth=\skip106
\cftbeforesubsubsecskip=\skip107
\cftsubsubsecindent=\skip108
\cftsubsubsecnumwidth=\skip109
\cftbeforeparaskip=\skip110
\cftparaindent=\skip111
\cftparanumwidth=\skip112
\cftbeforesubparaskip=\skip113
\cftsubparaindent=\skip114
\cftsubparanumwidth=\skip115
\cftbeforeloftitleskip=\skip116
\cftafterloftitleskip=\skip117
\cftbeforefigskip=\skip118
\cftfigindent=\skip119
\cftfignumwidth=\skip120
\c@lofdepth=\count298
\c@lotdepth=\count299
\cftbeforelottitleskip=\skip121
\cftafterlottitleskip=\skip122
\cftbeforetabskip=\skip123
\cfttabindent=\skip124
\cfttabnumwidth=\skip125
)
\@indexfile=\write4
\openout4 = `refman.idx'.


Writing index file refman.idx
(/usr/share/texmf-dist/tex/latex/newunicodechar/newunicodechar.sty
Package: newunicodechar 2018/04/08 v1.2 Defining Unicode characters
)

Package newunicodechar Warning: Redefining Unicode character on input line 115.



Package newunicodechar Warning: Redefining Unicode character on input line 116.


(/usr/share/texmf-dist/tex/latex/hyperref/hyperref.sty
Package: hyperref 2021-02-27 v7.00k Hypertext links for LaTeX

(/usr/share/texmf-dist/tex/generic/ltxcmds/ltxcmds.sty
Package: ltxcmds 2020-05-10 v1.25 LaTeX kernel commands for general use (HO)
)
(/usr/share/texmf-dist/tex/generic/pdftexcmds/pdftexcmds.sty
Package: pdftexcmds 2020-06-27 v0.33 Utility functions of pdfTeX for LuaTeX (HO
)

(/usr/share/texmf-dist/tex/generic/infwarerr/infwarerr.sty
Package: infwarerr 2019/12/03 v1.5 Providing info/warning/error messages (HO)
)
Package pdftexcmds Info: \pdf@primitive is available.
Package pdftexcmds Info: \pdf@ifprimitive is available.
Package pdftexcmds Info: \pdfdraftmode found.
)
(/usr/share/texmf-dist/tex/generic/kvsetkeys/kvsetkeys.sty
Package: kvsetkeys 2019/12/15 v1.18 Key value parser (HO)
)
(/usr/share/texmf-dist/tex/generic/kvdefinekeys/kvdefinekeys.sty
Package: kvdefinekeys 2019-12-19 v1.6 Define keys (HO)
)
(/usr/share/texmf-dist/tex/generic/pdfescape/pdfescape.sty
Package: pdfescape 2019/12/09 v1.15 Implements pdfTeX's escape features (HO)
)
(/usr/share/texmf-dist/tex/latex/hycolor/hycolor.sty
Package: hycolor 2020-01-27 v1.10 Color options for hyperref/bookmark (HO)
)
(/usr/share/texmf-dist/tex/latex/letltxmacro/letltxmacro.sty
Package: letltxmacro 2019/12/03 v1.6 Let assignment for LaTeX macros (HO)
)
(/usr/share/texmf-dist/tex/latex/auxhook/auxhook.sty
Package: auxhook 2019-12-17 v1.6 Hooks for auxiliary files (HO)
)
(/usr/share/texmf-dist/tex/latex/kvoptions/kvoptions.sty
Package: kvoptions 2020-10-07 v3.14 Key value format for package options (HO)
)
\@linkdim=\dimen195
\Hy@linkcounter=\count300
\Hy@pagecounter=\count301

(/usr/share/texmf-dist/tex/latex/hyperref/pd1enc.def
File: pd1enc.def 2021-02-27 v7.00k Hyperref: PDFDocEncoding definition (HO)
Now handling font encoding PD1 ...
... no UTF-8 mapping file for font encoding PD1
)
(/usr/share/texmf-dist/tex/latex/hyperref/hyperref-langpatches.def
File: hyperref-langpatches.def 2021-02-27 v7.00k Hyperref: patches for babel la
nguages
)
(/usr/share/texmf-dist/tex/generic/intcalc/intcalc.sty
Package: intcalc 2019/12/15 v1.3 Expandable calculations with integers (HO)
)
(/usr/share/texmf-dist/tex/generic/etexcmds/etexcmds.sty
Package: etexcmds 2019/12/15 v1.7 Avoid name clashes with e-TeX commands (HO)
)
\Hy@SavedSpaceFactor=\count302

(/usr/share/texmf-dist/tex/latex/hyperref/puenc.def
File: puenc.def 2021-02-27 v7.00k Hyperref: PDF Unicode definition (HO)
Now handling font encoding PU ...
... no UTF-8 mapping file for font encoding PU
)
Package hyperref Info: Hyper figures OFF on input line 4192.
Package hyperref Info: Link nesting OFF on input line 4197.
Package hyperref Info: Hyper index ON on input line 4200.
Package hyperref Info: Plain pages OFF on input line 4207.
Package hyperref Info: Backreferencing ON on input line 4210.
Package hyperref Info: Implicit mode ON; LaTeX internals redefined.
Package hyperref Info: Bookmarks ON on input line 4445.

(/usr/share/texmf-dist/tex/latex/hyperref/backref.sty
Package: backref 2021/02/04 v1.41 Bibliographical back referencing

(/usr/share/texmf-dist/tex/latex/rerunfilecheck/rerunfilecheck.sty
Package: rerunfilecheck 2019/12/05 v1.9 Rerun checks for auxiliary files (HO)

(/usr/share/texmf-dist/tex/latex/base/atveryend-ltx.sty
Package: atveryend-ltx 2020/08/19 v1.0a Emulation of the original atvery packag
e
with kernel methods
)
(/usr/share/texmf-dist/tex/generic/uniquecounter/uniquecounter.sty
Package: uniquecounter 2019/12/15 v1.4 Provide unlimited unique counter (HO)

(/usr/share/texmf-dist/tex/generic/bigintcalc/bigintcalc.sty
Package: bigintcalc 2019/12/15 v1.5 Expandable calculations on big integers (HO
)
))
Package uniquecounter Info: New unique counter `rerunfilecheck' on input line 2
86.
))
\c@Hy@tempcnt=\count303

(/usr/share/texmf-dist/tex/latex/url/url.sty
\Urlmuskip=\muskip16
Package: url 2013/09/16  ver 3.4  Verb mode for urls, etc.
)
LaTeX Info: Redefining \url on input line 4804.
\XeTeXLinkMargin=\dimen196

(/usr/share/texmf-dist/tex/generic/bitset/bitset.sty
Package: bitset 2019/12/09 v1.3 Handle bit-vector datatype (HO)
)
\Fld@menulength=\count304
\Field@Width=\dimen197
\Fld@charsize=\dimen198
Package hyperref Info: Hyper figures OFF on input line 6075.
Package hyperref Info: Link nesting OFF on input line 6080.
Package hyperref Info: Hyper index ON on input line 6083.
Package hyperref Info: backreferencing ON on input line 6088.
Package hyperref Info: Link coloring OFF on input line 6095.
Package hyperref Info: Link coloring with OCG OFF on input line 6100.
Package hyperref Info: PDF/A mode OFF on input line 6105.
LaTeX Info: Redefining \ref on input line 6145.
LaTeX Info: Redefining \pageref on input line 6149.

(/usr/share/texmf-dist/tex/latex/base/atbegshi-ltx.sty
Package: atbegshi-ltx 2020/08/17 v1.0a Emulation of the original atbegshi packa
ge
with kernel methods
)
\Hy@abspage=\count305
\c@Item=\count306
\c@Hfootnote=\count307
)
Package hyperref Info: Driver: hpdftex.

(/usr/share/texmf-dist/tex/latex/hyperref/hpdftex.def
File: hpdftex.def 2021-02-27 v7.00k Hyperref driver for pdfTeX
\Fld@listcount=\count308
\c@bookmark@seq@number=\count309
\Hy@SectionHShift=\skip126
)
Package hyperref Info: Option `colorlinks' set `true' on input line 134.
Package hyperref Info: Option `unicode' set `true' on input line 134.

(/usr/share/texmf-dist/tex/latex/caption/caption.sty
Package: caption 2020/10/26 v3.5g Customizing captions (AR)

(/usr/share/texmf-dist/tex/latex/caption/caption3.sty
Package: caption3 2020/10/21 v2.2e caption3 kernel (AR)
\captionmargin=\dimen199
\captionmargin@=\dimen256
\captionwidth=\dimen257
\caption@tempdima=\dimen258
\caption@indent=\dimen259
\caption@parindent=\dimen260
\caption@hangindent=\dimen261
Package caption Info: Standard document class detected.
)
\c@caption@flags=\count310
\c@continuedfloat=\count311
Package caption Info: float package is loaded.
Package caption Info: hyperref package is loaded.
Package caption Info: longtable package is loaded.

(/usr/share/texmf-dist/tex/latex/caption/ltcaption.sty
Package: ltcaption 2020/05/30 v1.4b longtable captions (AR)
))
(/usr/share/texmf-dist/tex/latex/etoc/etoc.sty
Package: etoc 2020/05/15 v1.09c Completely customisable TOCs (JFB)
\Etoc@toctoks=\toks33
\c@etoc@tocid=\count312
\c@etoc@tocdepth=\count313
\etoc@framed@titlebox=\box114
\etoc@framed@contentsbox=\box115
)
LaTeX Font Info:    Trying to load font information for T1+phv on input line 14
9.

(/usr/share/texmf-dist/tex/latex/psnfss/t1phv.fd
File: t1phv.fd 2020/03/25 scalable font definitions for T1/phv.
)
LaTeX Font Info:    Font shape `T1/phv/m/n' will be
(Font)              scaled to size 8.99994pt on input line 149.

(/usr/share/texmf-dist/tex/latex/l3backend/l3backend-pdftex.def
File: l3backend-pdftex.def 2021-03-18 L3 backend support: PDF output (pdfTeX)
\l__color_backend_stack_int=\count314
\l__pdf_internal_box=\box116
) (./refman.aux

LaTeX Warning: Label `annot__lexer_8cc_ae65cb72d09db0abdc4b8e8c4d533ab14' multi
ply defined.


LaTeX Warning: Label `annot__lexer_8cc_a7411c3bab9eca1afee90113c2d22da37' multi
ply defined.


LaTeX Warning: Label `annot__lexer_8cc_a1b5865350b5ca5c1d69f429c2a652953' multi
ply defined.


LaTeX Warning: Label `annot__lexer_8cc_a5e36364965360da7b7cdfc2188e0af84' multi
ply defined.


LaTeX Warning: Label `annot__lexer_8cc_a296847b42b0baa62e2af36cb79f3c0eb' multi
ply defined.


LaTeX Warning: Label `lexer_8cc_ae65cb72d09db0abdc4b8e8c4d533ab14' multiply def
ined.

)
\openout1 = `refman.aux'.

LaTeX Font Info:    Checking defaults for OML/cmm/m/it on input line 149.
LaTeX Font Info:    ... okay on input line 149.
LaTeX Font Info:    Checking defaults for OMS/cmsy/m/n on input line 149.
LaTeX Font Info:    ... okay on input line 149.
LaTeX Font Info:    Checking defaults for OT1/cmr/m/n on input line 149.
LaTeX Font Info:    ... okay on input line 149.
LaTeX Font Info:    Checking defaults for T1/cmr/m/n on input line 149.
LaTeX Font Info:    ... okay on input line 149.
LaTeX Font Info:    Checking defaults for TS1/cmr/m/n on input line 149.
LaTeX Font Info:    ... okay on input line 149.
LaTeX Font Info:    Checking defaults for OMX/cmex/m/n on input line 149.
LaTeX Font Info:    ... okay on input line 149.
LaTeX Font Info:    Checking defaults for U/cmr/m/n on input line 149.
LaTeX Font Info:    ... okay on input line 149.
LaTeX Font Info:    Checking defaults for PD1/pdf/m/n on input line 149.
LaTeX Font Info:    ... okay on input line 149.
LaTeX Font Info:    Checking defaults for PU/pdf/m/n on input line 149.
LaTeX Font Info:    ... okay on input line 149.
 (/usr/share/texmf-dist/tex/context/base/mkii/supp-pdf.mkii
[Loading MPS to PDF converter (version 2006.09.02).]
\scratchcounter=\count315
\scratchdimen=\dimen262
\scratchbox=\box117
\nofMPsegments=\count316
\nofMParguments=\count317
\everyMPshowfont=\toks34
\MPscratchCnt=\count318
\MPscratchDim=\dimen263
\MPnumerator=\count319
\makeMPintoPDFobject=\count320
\everyMPtoPDFconversion=\toks35
) (/usr/share/texmf-dist/tex/latex/epstopdf-pkg/epstopdf-base.sty
Package: epstopdf-base 2020-01-24 v2.11 Base part for package epstopdf
Package epstopdf-base Info: Redefining graphics rule for `.eps' on input line 4
85.

(/usr/share/texmf-dist/tex/latex/latexconfig/epstopdf-sys.cfg
File: epstopdf-sys.cfg 2010/07/13 v1.3 Configuration of (r)epstopdf for TeX Liv
e
))
*geometry* driver: auto-detecting
*geometry* detected driver: pdftex
*geometry* verbose mode - [ preamble ] result:
* driver: pdftex
* paper: a4paper
* layout: <same size as paper>
* layoutoffset:(h,v)=(0.0pt,0.0pt)
* modes: twoside 
* h-part:(L,W,R)=(71.13188pt, 455.24411pt, 71.13188pt)
* v-part:(T,H,B)=(71.13188pt, 702.78308pt, 71.13188pt)
* \paperwidth=597.50787pt
* \paperheight=845.04684pt
* \textwidth=455.24411pt
* \textheight=702.78308pt
* \oddsidemargin=-1.1381pt
* \evensidemargin=-1.1381pt
* \topmargin=-31.2056pt
* \headheight=12.0pt
* \headsep=18.06749pt
* \topskip=10.0pt
* \footskip=25.29494pt
* \marginparwidth=125.0pt
* \marginparsep=7.0pt
* \columnsep=10.0pt
* \skip\footins=9.0pt plus 4.0pt minus 2.0pt
* \hoffset=0.0pt
* \voffset=0.0pt
* \mag=1000
* \@twocolumnfalse
* \@twosidetrue
* \@mparswitchtrue
* \@reversemarginfalse
* (1in=72.27pt=25.4mm, 1cm=28.453pt)

Package hyperref Info: Link coloring ON on input line 149.
(/usr/share/texmf-dist/tex/latex/hyperref/nameref.sty
Package: nameref 2021-04-02 v2.47 Cross-referencing by name of section

(/usr/share/texmf-dist/tex/latex/refcount/refcount.sty
Package: refcount 2019/12/15 v3.6 Data extraction from label references (HO)
)
(/usr/share/texmf-dist/tex/generic/gettitlestring/gettitlestring.sty
Package: gettitlestring 2019/12/15 v1.6 Cleanup title references (HO)
)
\c@section@level=\count321
)
LaTeX Info: Redefining \ref on input line 149.
LaTeX Info: Redefining \pageref on input line 149.
LaTeX Info: Redefining \nameref on input line 149.

(./refman.out) (./refman.out)
\@outlinefile=\write5
\openout5 = `refman.out'.

Package backref Info: ** backref set up for natbib ** on input line 149.
Package caption Info: Begin \AtBeginDocument code.
Package caption Info: End \AtBeginDocument code.
\Etoc@tf=\read4
Package hyperref Info: Option `pageanchor' set `false' on input line 156.
Package hyperref Info: Option `bookmarksnumbered' set `true' on input line 156.

Package hyperref Info: Option `unicode' set `true' on input line 156.
LaTeX Font Info:    Font shape `T1/phv/m/n' will be
(Font)              scaled to size 12.9599pt on input line 161.
LaTeX Font Info:    Font shape `T1/phv/m/n' will be
(Font)              scaled to size 10.79993pt on input line 163.
 [1


{/var/lib/texmf/fonts/map/pdftex/updmap/pdftex.map}] [2

]
\tf@toc=\write6
\openout6 = `refman.toc'.

LaTeX Font Info:    Font shape `T1/phv/b/n' will be
(Font)              scaled to size 8.99994pt on input line 169.
LaTeX Font Info:    Trying to load font information for U+msa on input line 169
.
 (/usr/share/texmf-dist/tex/latex/amsfonts/umsa.fd
File: umsa.fd 2013/01/14 v3.01 AMS symbols A
)
LaTeX Font Info:    Trying to load font information for U+msb on input line 169
.

(/usr/share/texmf-dist/tex/latex/amsfonts/umsb.fd
File: umsb.fd 2013/01/14 v3.01 AMS symbols B
)
LaTeX Font Info:    Trying to load font information for U+wasy on input line 16
9.

(/usr/share/texmf-dist/tex/latex/wasysym/uwasy.fd
File: uwasy.fd 2020/01/19 v2.4 Wasy-2 symbol font definitions
)
LaTeX Font Info:    Font shape `T1/phv/m/n' will be
(Font)              scaled to size 7.19995pt on input line 169.
LaTeX Font Info:    Trying to load font information for T1+pcr on input line 16
9.

(/usr/share/texmf-dist/tex/latex/psnfss/t1pcr.fd
File: t1pcr.fd 2001/06/04 font definitions for T1/pcr.
)
LaTeX Font Info:    Font shape `T1/phv/b/n' will be
(Font)              scaled to size 6.29996pt on input line 169.
 [1]
LaTeX Font Info:    Font shape `T1/phv/m/n' will be
(Font)              scaled to size 6.29996pt on input line 169.
 [2] [3] [4] [5] [6]
[7] [8] [9] [10] [11] [12] [13] [14] [15] [16] [17] [18] [19] [20] [21]
[22] [23] [24] [25] [26] [27] [28] [29] [30] [31] [32] [33] [34]
Package hyperref Info: Option `pageanchor' set `true' on input line 171.

Chapter 1.
LaTeX Font Info:    Font shape `T1/phv/m/n' will be
(Font)              scaled to size 18.66588pt on input line 174.
LaTeX Font Info:    Font shape `T1/phv/b/n' will be
(Font)              scaled to size 18.66588pt on input line 174.
LaTeX Font Info:    Font shape `T1/phv/bc/n' will be
(Font)              scaled to size 18.66588pt on input line 174.
LaTeX Font Info:    Font shape `T1/phv/m/n' will be
(Font)              scaled to size 22.39185pt on input line 174.
LaTeX Font Info:    Font shape `T1/phv/b/n' will be
(Font)              scaled to size 22.39185pt on input line 174.
LaTeX Font Info:    Font shape `T1/phv/bc/n' will be
(Font)              scaled to size 22.39185pt on input line 174.
(./md__c_o_d_e__o_f__c_o_n_d_u_c_t.tex
LaTeX Font Info:    Font shape `T1/phv/b/n' will be
(Font)              scaled to size 12.9599pt on input line 1.
LaTeX Font Info:    Trying to load font information for TS1+phv on input line 7
.

(/usr/share/texmf-dist/tex/latex/psnfss/ts1phv.fd
File: ts1phv.fd 2020/03/25 scalable font definitions for TS1/phv.
)
LaTeX Font Info:    Font shape `TS1/phv/m/n' will be
(Font)              scaled to size 8.99994pt on input line 7.
 [1


])
Overfull \hbox (17.81679pt too wide) in paragraph at lines 33--178
[]\T1/phv/m/n/10 For an-swers to com-mon ques-tions about this code of con-duct
, see [][] \T1/pcr/m/n/10 https[]://www.[]contributor-covenant.[]
 []

[2]
Chapter 2.
(./md__c_o_n_t_r_i_b_u_t_i_n_g.tex) [3

] [4

]
Chapter 3.
(./md__r_e_a_d_m_e.tex [5] [6]) [7] [8

]
Chapter 4.
(./namespaces.tex) [9] [10

]
Chapter 5.
(./hierarchy.tex [11]) [12]
Chapter 6.
(./annotated.tex [13

]) [14]
Chapter 7.
(./files.tex) [15

] [16

]
Chapter 8.
(./namespaceannot.tex
LaTeX Font Info:    Font shape `T1/phv/b/n' will be
(Font)              scaled to size 10.79993pt on input line 3.
LaTeX Font Info:    Font shape `T1/phv/m/n' will be
(Font)              scaled to size 8.09995pt on input line 7.
LaTeX Font Info:    Font shape `T1/phv/m/it' in size <9> not available
(Font)              Font shape `T1/phv/m/sl' tried instead on input line 7.
LaTeX Font Info:    Font shape `T1/phv/m/sl' will be
(Font)              scaled to size 8.09995pt on input line 7.
 [17]
LaTeX Font Info:    Font shape `T1/phv/b/n' will be
(Font)              scaled to size 7.19995pt on input line 45.
LaTeX Font Info:    Font shape `T1/pcr/m/it' in size <8> not available
(Font)              Font shape `T1/pcr/m/sl' tried instead on input line 46.
LaTeX Font Info:    Font shape `T1/phv/m/it' in size <10> not available
(Font)              Font shape `T1/phv/m/sl' tried instead on input line 60.
LaTeX Font Info:    Font shape `T1/phv/m/sl' will be
(Font)              scaled to size 8.99994pt on input line 60.
 [18] [19]) (./namespaceyy.tex [20] [21] [22])
[23] [24

]
Chapter 9.
(./structannot_1_1parser_1_1basic__symbol.tex

Package hyperref Warning: Token not allowed in a PDF string (Unicode):
(hyperref)                removing `math shift' on input line 1.


Package hyperref Warning: Token not allowed in a PDF string (Unicode):
(hyperref)                removing `math shift' on input line 1.


Package hyperref Warning: Token not allowed in a PDF string (Unicode):
(hyperref)                removing `math shift' on input line 1.


Package hyperref Warning: Token not allowed in a PDF string (Unicode):
(hyperref)                removing `math shift' on input line 1.

 <./structannot_1_1parser_1_1basic__symbol__inherit__graph.pdf

pdfTeX warning: pdflatex (file ./structannot_1_1parser_1_1basic__symbol__inheri
t__graph.pdf): PDF inclusion: multiple pdfs with page group included in a singl
e page
>
<structannot_1_1parser_1_1basic__symbol__inherit__graph.pdf, id=7793, 184.69pt 
x 167.62625pt>
File: structannot_1_1parser_1_1basic__symbol__inherit__graph.pdf Graphic file (
type pdf)
<use structannot_1_1parser_1_1basic__symbol__inherit__graph.pdf>
Package pdftex.def Info: structannot_1_1parser_1_1basic__symbol__inherit__graph
.pdf  used on input line 14.
(pdftex.def)             Requested size: 184.0pt x 167.00172pt.
 <./structannot_1_1parser_1_1basic__symbol__coll__graph.pdf

pdfTeX warning: pdflatex (file ./structannot_1_1parser_1_1basic__symbol__coll__
graph.pdf): PDF inclusion: multiple pdfs with page group included in a single p
age
>
<structannot_1_1parser_1_1basic__symbol__coll__graph.pdf, id=7801, 381.425pt x 
256.96pt>
File: structannot_1_1parser_1_1basic__symbol__coll__graph.pdf Graphic file (typ
e pdf)
<use structannot_1_1parser_1_1basic__symbol__coll__graph.pdf>
Package pdftex.def Info: structannot_1_1parser_1_1basic__symbol__coll__graph.pd
f  used on input line 24.
(pdftex.def)             Requested size: 350.0pt x 235.79832pt.
 [25]
LaTeX Font Info:    Font shape `T1/phv/m/it' in size <7> not available
(Font)              Font shape `T1/phv/m/sl' tried instead on input line 54.
LaTeX Font Info:    Font shape `T1/phv/m/sl' will be
(Font)              scaled to size 6.29996pt on input line 54.
 [26]
LaTeX Font Info:    Font shape `T1/phv/bc/n' will be
(Font)              scaled to size 6.29996pt on input line 70.
 [27] [28] [29]) (./structyy_1_1parser_1_1basic__symbol.tex

Package hyperref Warning: Token not allowed in a PDF string (Unicode):
(hyperref)                removing `math shift' on input line 1.


Package hyperref Warning: Token not allowed in a PDF string (Unicode):
(hyperref)                removing `math shift' on input line 1.


Package hyperref Warning: Token not allowed in a PDF string (Unicode):
(hyperref)                removing `math shift' on input line 1.


Package hyperref Warning: Token not allowed in a PDF string (Unicode):
(hyperref)                removing `math shift' on input line 1.

 <./structyy_1_1parser_1_1basic__symbol__inherit__graph.pdf

pdfTeX warning: pdflatex (file ./structyy_1_1parser_1_1basic__symbol__inherit__
graph.pdf): PDF inclusion: multiple pdfs with page group included in a single p
age
>
<structyy_1_1parser_1_1basic__symbol__inherit__graph.pdf, id=7925, 205.76875pt 
x 234.8775pt>
File: structyy_1_1parser_1_1basic__symbol__inherit__graph.pdf Graphic file (typ
e pdf)
<use structyy_1_1parser_1_1basic__symbol__inherit__graph.pdf>
Package pdftex.def Info: structyy_1_1parser_1_1basic__symbol__inherit__graph.pd
f  used on input line 14.
(pdftex.def)             Requested size: 205.0pt x 234.00244pt.
 <./structyy_1_1parser_1_1basic__symbol__coll__graph.pdf

pdfTeX warning: pdflatex (file ./structyy_1_1parser_1_1basic__symbol__coll__gra
ph.pdf): PDF inclusion: multiple pdfs with page group included in a single page

>
<structyy_1_1parser_1_1basic__symbol__coll__graph.pdf, id=7931, 336.25626pt x 2
56.96pt>
File: structyy_1_1parser_1_1basic__symbol__coll__graph.pdf Graphic file (type p
df)
<use structyy_1_1parser_1_1basic__symbol__coll__graph.pdf>
Package pdftex.def Info: structyy_1_1parser_1_1basic__symbol__coll__graph.pdf  
used on input line 24.
(pdftex.def)             Requested size: 335.0pt x 256.00266pt.
 [30] [31] [32] [33] [34]) (./structannot_1_1parser_1_1by__kind.tex <./structan
not_1_1parser_1_1by__kind__inherit__graph.pdf

pdfTeX warning: pdflatex (file ./structannot_1_1parser_1_1by__kind__inherit__gr
aph.pdf): PDF inclusion: multiple pdfs with page group included in a single pag
e
>
<structannot_1_1parser_1_1by__kind__inherit__graph.pdf, id=8067, 215.80624pt x 
223.83624pt>
File: structannot_1_1parser_1_1by__kind__inherit__graph.pdf Graphic file (type 
pdf)
<use structannot_1_1parser_1_1by__kind__inherit__graph.pdf>
Package pdftex.def Info: structannot_1_1parser_1_1by__kind__inherit__graph.pdf 
 used on input line 19.
(pdftex.def)             Requested size: 215.0pt x 223.00572pt.
 [35] [36] [37]) (./structyy_1_1parser_1_1by__kind.tex [38] [39] [40])
(./classchoicenode.tex <./classchoicenode__inherit__graph.pdf

pdfTeX warning: pdflatex (file ./classchoicenode__inherit__graph.pdf): PDF incl
usion: multiple pdfs with page group included in a single page
>
<classchoicenode__inherit__graph.pdf, id=8187, 146.5475pt x 212.795pt>
File: classchoicenode__inherit__graph.pdf Graphic file (type pdf)
<use classchoicenode__inherit__graph.pdf>
Package pdftex.def Info: classchoicenode__inherit__graph.pdf  used on input lin
e 14.
(pdftex.def)             Requested size: 146.0pt x 211.99895pt.
 <./classchoicenode__coll__graph.pdf

pdfTeX warning: pdflatex (file ./classchoicenode__coll__graph.pdf): PDF inclusi
on: multiple pdfs with page group included in a single page
>
<classchoicenode__coll__graph.pdf, id=8193, 249.93375pt x 316.18124pt>
File: classchoicenode__coll__graph.pdf Graphic file (type pdf)
<use classchoicenode__coll__graph.pdf>
Package pdftex.def Info: classchoicenode__coll__graph.pdf  used on input line 2
4.
(pdftex.def)             Requested size: 249.0pt x 315.01292pt.
 [41] [42] [43] [44]) (./classconcatnode.tex <./classconcatnode__inherit__graph
.pdf

pdfTeX warning: pdflatex (file ./classconcatnode__inherit__graph.pdf): PDF incl
usion: multiple pdfs with page group included in a single page
>
<classconcatnode__inherit__graph.pdf, id=8287, 147.55125pt x 212.795pt>
File: classconcatnode__inherit__graph.pdf Graphic file (type pdf)
<use classconcatnode__inherit__graph.pdf>
Package pdftex.def Info: classconcatnode__inherit__graph.pdf  used on input lin
e 14.
(pdftex.def)             Requested size: 147.0pt x 212.00543pt.
 <./classconcatnode__coll__graph.pdf

pdfTeX warning: pdflatex (file ./classconcatnode__coll__graph.pdf): PDF inclusi
on: multiple pdfs with page group included in a single page
>
<classconcatnode__coll__graph.pdf, id=8293, 249.93375pt x 316.18124pt>
File: classconcatnode__coll__graph.pdf Graphic file (type pdf)
<use classconcatnode__coll__graph.pdf>
Package pdftex.def Info: classconcatnode__coll__graph.pdf  used on input line 2
4.
(pdftex.def)             Requested size: 249.0pt x 315.01292pt.
 [45] [46] [47] [48]) (./classannot_1_1parser_1_1context.tex [49] [50])
(./classyy_1_1parser_1_1context.tex [51]) (./classcoordinate.tex [52] [53])
(./classdriver.tex [54] [55]) (./classgrammar.tex [56] [57])
(./classannot_1_1location.tex <./classannot_1_1location__coll__graph.pdf

pdfTeX warning: pdflatex (file ./classannot_1_1location__coll__graph.pdf): PDF 
inclusion: multiple pdfs with page group included in a single page
>
<classannot_1_1location__coll__graph.pdf, id=8611, 160.6pt x 178.6675pt>
File: classannot_1_1location__coll__graph.pdf Graphic file (type pdf)
<use classannot_1_1location__coll__graph.pdf>
Package pdftex.def Info: classannot_1_1location__coll__graph.pdf  used on input
 line 19.
(pdftex.def)             Requested size: 160.0pt x 178.00456pt.
 [58] [59] [60]
LaTeX Font Info:    Font shape `T1/pcr/m/it' in size <7> not available
(Font)              Font shape `T1/pcr/m/sl' tried instead on input line 133.
 [61]) (./classyy_1_1location.tex <./classyy_1_1location__coll__graph.pdf

pdfTeX warning: pdflatex (file ./classyy_1_1location__coll__graph.pdf): PDF inc
lusion: multiple pdfs with page group included in a single page
>
<classyy_1_1location__coll__graph.pdf, id=8701, 146.5475pt x 178.6675pt>
File: classyy_1_1location__coll__graph.pdf Graphic file (type pdf)
<use classyy_1_1location__coll__graph.pdf>
Package pdftex.def Info: classyy_1_1location__coll__graph.pdf  used on input li
ne 19.
(pdftex.def)             Requested size: 146.0pt x 177.99911pt.
 [62] [63] [64]) (./classloopnode.tex <./classloopnode__inherit__graph.pdf

pdfTeX warning: pdflatex (file ./classloopnode__inherit__graph.pdf): PDF inclus
ion: multiple pdfs with page group included in a single page
>
<classloopnode__inherit__graph.pdf, id=8783, 139.52126pt x 212.795pt>
File: classloopnode__inherit__graph.pdf Graphic file (type pdf)
<use classloopnode__inherit__graph.pdf>
Package pdftex.def Info: classloopnode__inherit__graph.pdf  used on input line 
14.
(pdftex.def)             Requested size: 139.0pt x 212.00543pt.
 [65] <./classloopnode__coll__graph.pdf

pdfTeX warning: pdflatex (file ./classloopnode__coll__graph.pdf): PDF inclusion
: multiple pdfs with page group included in a single page
>
<classloopnode__coll__graph.pdf, id=8794, 249.93375pt x 316.18124pt>
File: classloopnode__coll__graph.pdf Graphic file (type pdf)
<use classloopnode__coll__graph.pdf>
Package pdftex.def Info: classloopnode__coll__graph.pdf  used on input line 24.

(pdftex.def)             Requested size: 249.0pt x 315.01292pt.
 [66] [67] [68]) (./classmultinode.tex <./classmultinode__inherit__graph.pdf

pdfTeX warning: pdflatex (file ./classmultinode__inherit__graph.pdf): PDF inclu
sion: multiple pdfs with page group included in a single page
>
<classmultinode__inherit__graph.pdf, id=8877, 307.1475pt x 212.795pt>
File: classmultinode__inherit__graph.pdf Graphic file (type pdf)
<use classmultinode__inherit__graph.pdf>
Package pdftex.def Info: classmultinode__inherit__graph.pdf  used on input line
 14.
(pdftex.def)             Requested size: 306.0pt x 212.01193pt.
 [69] <./classmultinode__coll__graph.pdf

pdfTeX warning: pdflatex (file ./classmultinode__coll__graph.pdf): PDF inclusio
n: multiple pdfs with page group included in a single page
>
<classmultinode__coll__graph.pdf, id=8888, 249.93375pt x 258.9675pt>
File: classmultinode__coll__graph.pdf Graphic file (type pdf)
<use classmultinode__coll__graph.pdf>
Package pdftex.def Info: classmultinode__coll__graph.pdf  used on input line 24
.
(pdftex.def)             Requested size: 249.0pt x 258.01057pt.
 [70] [71] [72] [73] [74] [75]) (./classnewlinenode.tex <./classnewlinenode__in
herit__graph.pdf

pdfTeX warning: pdflatex (file ./classnewlinenode__inherit__graph.pdf): PDF inc
lusion: multiple pdfs with page group included in a single page
>
<classnewlinenode__inherit__graph.pdf, id=9066, 151.56625pt x 212.795pt>
File: classnewlinenode__inherit__graph.pdf Graphic file (type pdf)
<use classnewlinenode__inherit__graph.pdf>
Package pdftex.def Info: classnewlinenode__inherit__graph.pdf  used on input li
ne 14.
(pdftex.def)             Requested size: 151.0pt x 212.0022pt.
 [76] <./classnewlinenode__coll__graph.pdf

pdfTeX warning: pdflatex (file ./classnewlinenode__coll__graph.pdf): PDF inclus
ion: multiple pdfs with page group included in a single page
>
<classnewlinenode__coll__graph.pdf, id=9079, 337.26pt x 270.00874pt>
File: classnewlinenode__coll__graph.pdf Graphic file (type pdf)
<use classnewlinenode__coll__graph.pdf>
Package pdftex.def Info: classnewlinenode__coll__graph.pdf  used on input line 
24.
(pdftex.def)             Requested size: 336.0pt x 269.00691pt.
 [77] [78]) (./classnode.tex <./classnode__inherit__graph.pdf

pdfTeX warning: pdflatex (file ./classnode__inherit__graph.pdf): PDF inclusion:
 multiple pdfs with page group included in a single page
>
<classnode__inherit__graph.pdf, id=9134, 716.6775pt x 212.795pt>
File: classnode__inherit__graph.pdf Graphic file (type pdf)
<use classnode__inherit__graph.pdf>
Package pdftex.def Info: classnode__inherit__graph.pdf  used on input line 14.
(pdftex.def)             Requested size: 350.0pt x 103.92302pt.
 [79] <./classnode__coll__graph.pdf

pdfTeX warning: pdflatex (file ./classnode__coll__graph.pdf): PDF inclusion: mu
ltiple pdfs with page group included in a single page
>
<classnode__coll__graph.pdf, id=9147, 253.94875pt x 258.9675pt>
File: classnode__coll__graph.pdf Graphic file (type pdf)
<use classnode__coll__graph.pdf>
Package pdftex.def Info: classnode__coll__graph.pdf  used on input line 24.
(pdftex.def)             Requested size: 253.0pt x 258.01057pt.
 [80] [81] [82] [83] [84] [85] [86] [87] [88] [89] [90] [91] [92] [93]
[94]) (./classnodesizes.tex [95]) (./classnontermnode.tex [96] <./classnontermn
ode__inherit__graph.pdf

pdfTeX warning: pdflatex (file ./classnontermnode__inherit__graph.pdf): PDF inc
lusion: multiple pdfs with page group included in a single page
>
<classnontermnode__inherit__graph.pdf, id=9656, 208.78pt x 212.795pt>
File: classnontermnode__inherit__graph.pdf Graphic file (type pdf)
<use classnontermnode__inherit__graph.pdf>
Package pdftex.def Info: classnontermnode__inherit__graph.pdf  used on input li
ne 14.
(pdftex.def)             Requested size: 208.0pt x 212.01193pt.
 <./classnontermnode__coll__graph.pdf

pdfTeX warning: pdflatex (file ./classnontermnode__coll__graph.pdf): PDF inclus
ion: multiple pdfs with page group included in a single page
>
<classnontermnode__coll__graph.pdf, id=9662, 252.945pt x 258.9675pt>
File: classnontermnode__coll__graph.pdf Graphic file (type pdf)
<use classnontermnode__coll__graph.pdf>
Package pdftex.def Info: classnontermnode__coll__graph.pdf  used on input line 
24.
(pdftex.def)             Requested size: 252.0pt x 258.00662pt.
 [97] [98] [99] [100] [101]) (./classnullnode.tex [102] <./classnullnode__inher
it__graph.pdf

pdfTeX warning: pdflatex (file ./classnullnode__inherit__graph.pdf): PDF inclus
ion: multiple pdfs with page group included in a single page
>
<classnullnode__inherit__graph.pdf, id=9782, 153.57375pt x 212.795pt>
File: classnullnode__inherit__graph.pdf Graphic file (type pdf)
<use classnullnode__inherit__graph.pdf>
Package pdftex.def Info: classnullnode__inherit__graph.pdf  used on input line 
14.
(pdftex.def)             Requested size: 153.0pt x 212.01193pt.
 <./classnullnode__coll__graph.pdf

pdfTeX warning: pdflatex (file ./classnullnode__coll__graph.pdf): PDF inclusion
: multiple pdfs with page group included in a single page
>
<classnullnode__coll__graph.pdf, id=9788, 252.945pt x 316.18124pt>
File: classnullnode__coll__graph.pdf Graphic file (type pdf)
<use classnullnode__coll__graph.pdf>
Package pdftex.def Info: classnullnode__coll__graph.pdf  used on input line 24.

(pdftex.def)             Requested size: 252.0pt x 315.0081pt.
 [103] [104]) (./classannot_1_1parser.tex [105] [106] [107] [108] [109]
Underfull \hbox (badness 10000) detected at line 272
[][][]
 []

[110]
Underfull \hbox (badness 10000) detected at line 281
[][][]
 []

) (./classyy_1_1parser.tex [111] [112] [113] [114] [115] [116] [117] [118]
Underfull \hbox (badness 10000) detected at line 372
[][][]
 []


Underfull \hbox (badness 10000) detected at line 381
[][][]
 []

[119]) (./classannot_1_1position.tex [120] [121] [122])
(./classyy_1_1position.tex [123] [124]) (./classproductionnode.tex [125] <./cla
ssproductionnode__inherit__graph.pdf

pdfTeX warning: pdflatex (file ./classproductionnode__inherit__graph.pdf): PDF 
inclusion: multiple pdfs with page group included in a single page
>
<classproductionnode__inherit__graph.pdf, id=10360, 163.61125pt x 212.795pt>
File: classproductionnode__inherit__graph.pdf Graphic file (type pdf)
<use classproductionnode__inherit__graph.pdf>
Package pdftex.def Info: classproductionnode__inherit__graph.pdf  used on input
 line 14.
(pdftex.def)             Requested size: 163.0pt x 211.99895pt.
 <./classproductionnode__coll__graph.pdf

pdfTeX warning: pdflatex (file ./classproductionnode__coll__graph.pdf): PDF inc
lusion: multiple pdfs with page group included in a single page
>
<classproductionnode__coll__graph.pdf, id=10366, 280.04625pt x 316.18124pt>
File: classproductionnode__coll__graph.pdf Graphic file (type pdf)
<use classproductionnode__coll__graph.pdf>
Package pdftex.def Info: classproductionnode__coll__graph.pdf  used on input li
ne 24.
(pdftex.def)             Requested size: 279.0pt x 315.01292pt.
 [126] [127] [128]) (./classrailnode.tex [129] <./classrailnode__inherit__graph
.pdf

pdfTeX warning: pdflatex (file ./classrailnode__inherit__graph.pdf): PDF inclus
ion: multiple pdfs with page group included in a single page
>
<classrailnode__inherit__graph.pdf, id=10448, 151.56625pt x 212.795pt>
File: classrailnode__inherit__graph.pdf Graphic file (type pdf)
<use classrailnode__inherit__graph.pdf>
Package pdftex.def Info: classrailnode__inherit__graph.pdf  used on input line 
14.
(pdftex.def)             Requested size: 151.0pt x 212.0022pt.
 <./classrailnode__coll__graph.pdf

pdfTeX warning: pdflatex (file ./classrailnode__coll__graph.pdf): PDF inclusion
: multiple pdfs with page group included in a single page
>
<classrailnode__coll__graph.pdf, id=10454, 282.05376pt x 270.00874pt>
File: classrailnode__coll__graph.pdf Graphic file (type pdf)
<use classrailnode__coll__graph.pdf>
Package pdftex.def Info: classrailnode__coll__graph.pdf  used on input line 24.

(pdftex.def)             Requested size: 281.0pt x 269.01927pt.
 [130] [131] [132] [133]) (./classrownode.tex <./classrownode__inherit__graph.p
df

pdfTeX warning: pdflatex (file ./classrownode__inherit__graph.pdf): PDF inclusi
on: multiple pdfs with page group included in a single page
>
<classrownode__inherit__graph.pdf, id=10563, 143.53625pt x 212.795pt>
File: classrownode__inherit__graph.pdf Graphic file (type pdf)
<use classrownode__inherit__graph.pdf>
Package pdftex.def Info: classrownode__inherit__graph.pdf  used on input line 1
4.
(pdftex.def)             Requested size: 143.0pt x 212.00543pt.
 [134] <./classrownode__coll__graph.pdf

pdfTeX warning: pdflatex (file ./classrownode__coll__graph.pdf): PDF inclusion:
 multiple pdfs with page group included in a single page
>
<classrownode__coll__graph.pdf, id=10573, 270.00874pt x 316.18124pt>
File: classrownode__coll__graph.pdf Graphic file (type pdf)
<use classrownode__coll__graph.pdf>
Package pdftex.def Info: classrownode__coll__graph.pdf  used on input line 24.
(pdftex.def)             Requested size: 269.0pt x 315.0081pt.
 [135] [136]) (./classannot_1_1parser_1_1semantic__type.tex [137] [138]
[139] [140] [141]) (./classsinglenode.tex <./classsinglenode__inherit__graph.pd
f

pdfTeX warning: pdflatex (file ./classsinglenode__inherit__graph.pdf): PDF incl
usion: multiple pdfs with page group included in a single page
>
<classsinglenode__inherit__graph.pdf, id=10697, 234.8775pt x 212.795pt>
File: classsinglenode__inherit__graph.pdf Graphic file (type pdf)
<use classsinglenode__inherit__graph.pdf>
Package pdftex.def Info: classsinglenode__inherit__graph.pdf  used on input lin
e 14.
(pdftex.def)             Requested size: 234.0pt x 211.99895pt.
 <./classsinglenode__coll__graph.pdf

pdfTeX warning: pdflatex (file ./classsinglenode__coll__graph.pdf): PDF inclusi
on: multiple pdfs with page group included in a single page
>
<classsinglenode__coll__graph.pdf, id=10703, 270.00874pt x 258.9675pt>
File: classsinglenode__coll__graph.pdf Graphic file (type pdf)
<use classsinglenode__coll__graph.pdf>
Package pdftex.def Info: classsinglenode__coll__graph.pdf  used on input line 2
4.
(pdftex.def)             Requested size: 269.0pt x 258.00662pt.
 [142] [143] [144] [145] [146] [147])
(./classannot_1_1parser_1_1stack_1_1slice.tex

Package hyperref Warning: Token not allowed in a PDF string (Unicode):
(hyperref)                removing `math shift' on input line 1.


Package hyperref Warning: Token not allowed in a PDF string (Unicode):
(hyperref)                removing `math shift' on input line 1.


Package hyperref Warning: Token not allowed in a PDF string (Unicode):
(hyperref)                removing `math shift' on input line 1.


Package hyperref Warning: Token not allowed in a PDF string (Unicode):
(hyperref)                removing `math shift' on input line 1.

[148]) (./classyy_1_1parser_1_1stack_1_1slice.tex

Package hyperref Warning: Token not allowed in a PDF string (Unicode):
(hyperref)                removing `math shift' on input line 1.


Package hyperref Warning: Token not allowed in a PDF string (Unicode):
(hyperref)                removing `math shift' on input line 1.


Package hyperref Warning: Token not allowed in a PDF string (Unicode):
(hyperref)                removing `math shift' on input line 1.


Package hyperref Warning: Token not allowed in a PDF string (Unicode):
(hyperref)                removing `math shift' on input line 1.

[149]) (./structannot_1_1parser_1_1symbol__kind.tex [150])
(./structyy_1_1parser_1_1symbol__kind.tex [151]
Overfull \vbox (57.81349pt too high) has occurred while \output is active []


[152]) (./structannot_1_1parser_1_1symbol__type.tex <./structannot_1_1parser_1_
1symbol__type__inherit__graph.pdf

pdfTeX warning: pdflatex (file ./structannot_1_1parser_1_1symbol__type__inherit
__graph.pdf): PDF inclusion: multiple pdfs with page group included in a single
 page
>
<structannot_1_1parser_1_1symbol__type__inherit__graph.pdf, id=10975, 215.80624
pt x 223.83624pt>
File: structannot_1_1parser_1_1symbol__type__inherit__graph.pdf Graphic file (t
ype pdf)
<use structannot_1_1parser_1_1symbol__type__inherit__graph.pdf>
Package pdftex.def Info: structannot_1_1parser_1_1symbol__type__inherit__graph.
pdf  used on input line 19.
(pdftex.def)             Requested size: 215.0pt x 223.00572pt.
 <./structannot_1_1parser_1_1symbol__type__coll__graph.pdf

pdfTeX warning: pdflatex (file ./structannot_1_1parser_1_1symbol__type__coll__g
raph.pdf): PDF inclusion: multiple pdfs with page group included in a single pa
ge
>
<structannot_1_1parser_1_1symbol__type__coll__graph.pdf, id=10981, 215.80624pt 
x 223.83624pt>
File: structannot_1_1parser_1_1symbol__type__coll__graph.pdf Graphic file (type
 pdf)
<use structannot_1_1parser_1_1symbol__type__coll__graph.pdf>
Package pdftex.def Info: structannot_1_1parser_1_1symbol__type__coll__graph.pdf
  used on input line 29.
(pdftex.def)             Requested size: 215.0pt x 223.00572pt.
 [153] [154]) (./structyy_1_1parser_1_1symbol__type.tex <./structyy_1_1parser_1
_1symbol__type__inherit__graph.pdf

pdfTeX warning: pdflatex (file ./structyy_1_1parser_1_1symbol__type__inherit__g
raph.pdf): PDF inclusion: multiple pdfs with page group included in a single pa
ge
>
<structyy_1_1parser_1_1symbol__type__inherit__graph.pdf, id=11020, 205.76875pt 
x 223.83624pt>
File: structyy_1_1parser_1_1symbol__type__inherit__graph.pdf Graphic file (type
 pdf)
<use structyy_1_1parser_1_1symbol__type__inherit__graph.pdf>
Package pdftex.def Info: structyy_1_1parser_1_1symbol__type__inherit__graph.pdf
  used on input line 19.
(pdftex.def)             Requested size: 205.0pt x 223.00232pt.
 <./structyy_1_1parser_1_1symbol__type__coll__graph.pdf

pdfTeX warning: pdflatex (file ./structyy_1_1parser_1_1symbol__type__coll__grap
h.pdf): PDF inclusion: multiple pdfs with page group included in a single page
>
<structyy_1_1parser_1_1symbol__type__coll__graph.pdf, id=11026, 336.25626pt x 3
14.17375pt>
File: structyy_1_1parser_1_1symbol__type__coll__graph.pdf Graphic file (type pd
f)
<use structyy_1_1parser_1_1symbol__type__coll__graph.pdf>
Package pdftex.def Info: structyy_1_1parser_1_1symbol__type__coll__graph.pdf  u
sed on input line 29.
(pdftex.def)             Requested size: 335.0pt x 313.00325pt.
 [155] [156]) (./structannot_1_1parser_1_1syntax__error.tex <./structannot_1_1p
arser_1_1syntax__error__inherit__graph.pdf>
<structannot_1_1parser_1_1syntax__error__inherit__graph.pdf, id=11066, 190.7125
pt x 167.62625pt>
File: structannot_1_1parser_1_1syntax__error__inherit__graph.pdf Graphic file (
type pdf)
<use structannot_1_1parser_1_1syntax__error__inherit__graph.pdf>
Package pdftex.def Info: structannot_1_1parser_1_1syntax__error__inherit__graph
.pdf  used on input line 19.
(pdftex.def)             Requested size: 190.0pt x 167.00684pt.
 [157] <./structannot_1_1parser_1_1syntax__error__coll__graph.pdf

pdfTeX warning: pdflatex (file ./structannot_1_1parser_1_1syntax__error__coll__
graph.pdf): PDF inclusion: multiple pdfs with page group included in a single p
age
>
<structannot_1_1parser_1_1syntax__error__coll__graph.pdf, id=11077, 273.02pt x 
256.96pt>
File: structannot_1_1parser_1_1syntax__error__coll__graph.pdf Graphic file (typ
e pdf)
<use structannot_1_1parser_1_1syntax__error__coll__graph.pdf>
Package pdftex.def Info: structannot_1_1parser_1_1syntax__error__coll__graph.pd
f  used on input line 29.
(pdftex.def)             Requested size: 272.0pt x 256.01442pt.
 [158]) (./structyy_1_1parser_1_1syntax__error.tex <./structyy_1_1parser_1_1syn
tax__error__inherit__graph.pdf>
<structyy_1_1parser_1_1syntax__error__inherit__graph.pdf, id=11109, 175.65625pt
 x 167.62625pt>
File: structyy_1_1parser_1_1syntax__error__inherit__graph.pdf Graphic file (typ
e pdf)
<use structyy_1_1parser_1_1syntax__error__inherit__graph.pdf>
Package pdftex.def Info: structyy_1_1parser_1_1syntax__error__inherit__graph.pd
f  used on input line 19.
(pdftex.def)             Requested size: 175.0pt x 167.01195pt.
 [159] <./structyy_1_1parser_1_1syntax__error__coll__graph.pdf

pdfTeX warning: pdflatex (file ./structyy_1_1parser_1_1syntax__error__coll__gra
ph.pdf): PDF inclusion: multiple pdfs with page group included in a single page

>
<structyy_1_1parser_1_1syntax__error__coll__graph.pdf, id=11122, 258.9675pt x 2
56.96pt>
File: structyy_1_1parser_1_1syntax__error__coll__graph.pdf Graphic file (type p
df)
<use structyy_1_1parser_1_1syntax__error__coll__graph.pdf>
Package pdftex.def Info: structyy_1_1parser_1_1syntax__error__coll__graph.pdf  
used on input line 29.
(pdftex.def)             Requested size: 258.0pt x 256.02618pt.
 [160]) (./classtermnode.tex <./classtermnode__inherit__graph.pdf>
<classtermnode__inherit__graph.pdf, id=11153, 153.57375pt x 212.795pt>
File: classtermnode__inherit__graph.pdf Graphic file (type pdf)
<use classtermnode__inherit__graph.pdf>
Package pdftex.def Info: classtermnode__inherit__graph.pdf  used on input line 
14.
(pdftex.def)             Requested size: 153.0pt x 212.01193pt.
 [161] <./classtermnode__coll__graph.pdf

pdfTeX warning: pdflatex (file ./classtermnode__coll__graph.pdf): PDF inclusion
: multiple pdfs with page group included in a single page
>
<classtermnode__coll__graph.pdf, id=11165, 252.945pt x 316.18124pt>
File: classtermnode__coll__graph.pdf Graphic file (type pdf)
<use classtermnode__coll__graph.pdf>
Package pdftex.def Info: classtermnode__coll__graph.pdf  used on input line 24.

(pdftex.def)             Requested size: 252.0pt x 315.0081pt.
 [162]) (./structannot_1_1parser_1_1token.tex [163]
Overfull \vbox (113.2575pt too high) has occurred while \output is active []


[164]) (./structyy_1_1parser_1_1token.tex [165])
(./classyy_1_1parser_1_1value__type.tex [166] [167] [168] [169])
(./structyy__buffer__state.tex [170] [171]) (./structyy__trans__info.tex
[172]) [173] [174

]
Chapter 10.
(./annot__lexer_8cc.tex <./annot__lexer_8cc__incl.pdf

pdfTeX warning: pdflatex (file ./annot__lexer_8cc__incl.pdf): PDF inclusion: mu
ltiple pdfs with page group included in a single page
>
<annot__lexer_8cc__incl.pdf, id=11423, 1066.98625pt x 325.215pt>
File: annot__lexer_8cc__incl.pdf Graphic file (type pdf)
<use annot__lexer_8cc__incl.pdf>
Package pdftex.def Info: annot__lexer_8cc__incl.pdf  used on input line 20.
(pdftex.def)             Requested size: 350.0pt x 106.67616pt.
 [175] [176] [177] [178] [179] [180] [181] [182] [183] [184] [185] [186]
[187] [188] [189] [190] [191] [192] [193] [194] [195] [196pdfTeX warning (ext4)
: destination with the same identifier (name{annot__lexer_8cc_ae65cb72d09db0abd
c4b8e8c4d533ab14}) has been already used, duplicate ignored
<argument> ...shipout:D \box_use:N \l_shipout_box 
                                                  
l.1226 ..._8cc_a745d37b5e002b2e5f93ad42ea7b554be}}
                                                  ] [197] [198] [199] [200]
[201]
Underfull \hbox (badness 10000) detected at line 1437
[][][]
 []


Underfull \hbox (badness 10000) detected at line 1475
[][][]
 []

[202]
Underfull \hbox (badness 10000) detected at line 1491
[][][]
 []


Underfull \hbox (badness 10000) detected at line 1505
[][][]
 []


Underfull \hbox (badness 10000) detected at line 1508
[][][]
 []

[203] [204]
Underfull \hbox (badness 10000) detected at line 1562
[][][]
 []


Underfull \hbox (badness 10000) detected at line 1588
[][][]
 []

[205]pdfTeX warning (ext4): destination with the same identifier (name{annot__l
exer_8cc_a7411c3bab9eca1afee90113c2d22da37}) has been already used, duplicate i
gnored
<to be read again> 
                   \relax 
l.1641 ..._8cc_a7411c3bab9eca1afee90113c2d22da37}}
                                                  pdfTeX warning (ext4): destin
ation with the same identifier (name{annot__lexer_8cc_a1b5865350b5ca5c1d69f429c
2a652953}) has been already used, duplicate ignored
<to be read again> 
                   \relax 
l.1653 ..._8cc_a1b5865350b5ca5c1d69f429c2a652953}}
                                                  pdfTeX warning (ext4): destin
ation with the same identifier (name{annot__lexer_8cc_a5e36364965360da7b7cdfc21
88e0af84}) has been already used, duplicate ignored
<to be read again> 
                   \relax 
l.1659 ..._8cc_a5e36364965360da7b7cdfc2188e0af84}}
                                                   [206]pdfTeX warning (ext4): 
destination with the same identifier (name{annot__lexer_8cc_a296847b42b0baa62e2
af36cb79f3c0eb}) has been already used, duplicate ignored
<to be read again> 
                   \relax 
l.1665 ..._8cc_a296847b42b0baa62e2af36cb79f3c0eb}}
                                                  ) (./annot__lexer_8hh.tex <./
annot__lexer_8hh__incl.pdf

pdfTeX warning: pdflatex (file ./annot__lexer_8hh__incl.pdf): PDF inclusion: mu
ltiple pdfs with page group included in a single page
>
<annot__lexer_8hh__incl.pdf, id=12086, 396.48125pt x 156.585pt>
File: annot__lexer_8hh__incl.pdf Graphic file (type pdf)
<use annot__lexer_8hh__incl.pdf>
Package pdftex.def Info: annot__lexer_8hh__incl.pdf  used on input line 13.
(pdftex.def)             Requested size: 350.0pt x 138.23007pt.
 <./annot__lexer_8hh__dep__incl.pdf

pdfTeX warning: pdflatex (file ./annot__lexer_8hh__dep__incl.pdf): PDF inclusio
n: multiple pdfs with page group included in a single page
>
<annot__lexer_8hh__dep__incl.pdf, id=12092, 244.915pt x 156.585pt>
File: annot__lexer_8hh__dep__incl.pdf Graphic file (type pdf)
<use annot__lexer_8hh__dep__incl.pdf>
Package pdftex.def Info: annot__lexer_8hh__dep__incl.pdf  used on input line 21
.
(pdftex.def)             Requested size: 244.0pt x 156.004pt.
 [207] [208] [209] [210] [211] [212] [213] [214] [215] [216] [217] [218]
[219] [220]
Underfull \hbox (badness 10000) detected at line 739
[][][]
 []

[221]
Underfull \hbox (badness 10000) detected at line 777
[][][]
 []

[222]
Underfull \hbox (badness 10000) detected at line 793
[][][]
 []


Underfull \hbox (badness 10000) detected at line 807
[][][]
 []


Underfull \hbox (badness 10000) detected at line 810
[][][]
 []

[223] [224]
Underfull \hbox (badness 10000) detected at line 864
[][][]
 []


Underfull \hbox (badness 10000) detected at line 890
[][][]
 []

[225]) (./annot__location_8hh.tex <./annot__location_8hh__incl.pdf

pdfTeX warning: pdflatex (file ./annot__location_8hh__incl.pdf): PDF inclusion:
 multiple pdfs with page group included in a single page
>
<annot__location_8hh__incl.pdf, id=12450, 194.7275pt x 156.585pt>
File: annot__location_8hh__incl.pdf Graphic file (type pdf)
<use annot__location_8hh__incl.pdf>
Package pdftex.def Info: annot__location_8hh__incl.pdf  used on input line 10.
(pdftex.def)             Requested size: 194.0pt x 156.0064pt.
 [226] <./annot__location_8hh__dep__incl.pdf

pdfTeX warning: pdflatex (file ./annot__location_8hh__dep__incl.pdf): PDF inclu
sion: multiple pdfs with page group included in a single page
>
<annot__location_8hh__dep__incl.pdf, id=12460, 266.9975pt x 212.795pt>
File: annot__location_8hh__dep__incl.pdf Graphic file (type pdf)
<use annot__location_8hh__dep__incl.pdf>
Package pdftex.def Info: annot__location_8hh__dep__incl.pdf  used on input line
 18.
(pdftex.def)             Requested size: 266.0pt x 212.02167pt.
 [227]) (./annot__parser_8cc.tex <./annot__parser_8cc__incl.pdf>
<annot__parser_8cc__incl.pdf, id=12494, 1025.8325pt x 325.215pt>
File: annot__parser_8cc__incl.pdf Graphic file (type pdf)
<use annot__parser_8cc__incl.pdf>
Package pdftex.def Info: annot__parser_8cc__incl.pdf  used on input line 12.
(pdftex.def)             Requested size: 350.0pt x 110.9587pt.
 [228]
[229] [230] [231] [232]) (./annot__parser_8hh.tex <./annot__parser_8hh__incl.pd
f

pdfTeX warning: pdflatex (file ./annot__parser_8hh__incl.pdf): PDF inclusion: m
ultiple pdfs with page group included in a single page
>
<annot__parser_8hh__incl.pdf, id=12594, 661.47125pt x 269.005pt>
File: annot__parser_8hh__incl.pdf Graphic file (type pdf)
<use annot__parser_8hh__incl.pdf>
Package pdftex.def Info: annot__parser_8hh__incl.pdf  used on input line 19.
(pdftex.def)             Requested size: 350.0pt x 142.3339pt.
 <./annot__parser_8hh__dep__incl.pdf

pdfTeX warning: pdflatex (file ./annot__parser_8hh__dep__incl.pdf): PDF inclusi
on: multiple pdfs with page group included in a single page
>
<annot__parser_8hh__dep__incl.pdf, id=12600, 266.9975pt x 156.585pt>
File: annot__parser_8hh__dep__incl.pdf Graphic file (type pdf)
<use annot__parser_8hh__dep__incl.pdf>
Package pdftex.def Info: annot__parser_8hh__dep__incl.pdf  used on input line 2
7.
(pdftex.def)             Requested size: 266.0pt x 156.01595pt.
 [233] [234] [235] [236] [237]) (./_c_o_d_e___o_f___c_o_n_d_u_c_t_8md.tex)
(./_c_o_n_t_r_i_b_u_t_i_n_g_8md.tex) (./driver_8cc.tex <./driver_8cc__incl.pdf

pdfTeX warning: pdflatex (file ./driver_8cc__incl.pdf): PDF inclusion: multiple
 pdfs with page group included in a single page
>
<driver_8cc__incl.pdf, id=12689, 671.50874pt x 381.425pt>
File: driver_8cc__incl.pdf Graphic file (type pdf)
<use driver_8cc__incl.pdf>
Package pdftex.def Info: driver_8cc__incl.pdf  used on input line 10.
(pdftex.def)             Requested size: 350.0pt x 198.80191pt.
) (./driver_8hh.tex <./driver_8hh__incl.pdf

pdfTeX warning: pdflatex (file ./driver_8hh__incl.pdf): PDF inclusion: multiple
 pdfs with page group included in a single page
>
<driver_8hh__incl.pdf, id=12695, 733.74126pt x 325.215pt>
File: driver_8hh__incl.pdf Graphic file (type pdf)
<use driver_8hh__incl.pdf>
Package pdftex.def Info: driver_8hh__incl.pdf  used on input line 12.
(pdftex.def)             Requested size: 350.0pt x 155.13376pt.
 [238] <./driver_8hh__dep__incl.pdf>
<driver_8hh__dep__incl.pdf, id=12709, 349.305pt x 156.585pt>
File: driver_8hh__dep__incl.pdf Graphic file (type pdf)
<use driver_8hh__dep__incl.pdf>
Package pdftex.def Info: driver_8hh__dep__incl.pdf  used on input line 20.
(pdftex.def)             Requested size: 348.0pt x 156.00879pt.
 [239]) (./graph_8cc.tex <./graph_8cc__incl.pdf>
<graph_8cc__incl.pdf, id=12736, 390.45876pt x 269.005pt>
File: graph_8cc__incl.pdf Graphic file (type pdf)
<use graph_8cc__incl.pdf>
Package pdftex.def Info: graph_8cc__incl.pdf  used on input line 12.
(pdftex.def)             Requested size: 350.0pt x 241.14175pt.
 [240]) (./graph_8hh.tex <./graph_8hh__incl.pdf>
<graph_8hh__incl.pdf, id=12755, 353.32pt x 212.795pt>
File: graph_8hh__incl.pdf Graphic file (type pdf)
<use graph_8hh__incl.pdf>
Package pdftex.def Info: graph_8hh__incl.pdf  used on input line 12.
(pdftex.def)             Requested size: 350.0pt x 210.79756pt.
 [241] <./graph_8hh__dep__incl.pdf

pdfTeX warning: pdflatex (file ./graph_8hh__dep__incl.pdf): PDF inclusion: mult
iple pdfs with page group included in a single page
>
<graph_8hh__dep__incl.pdf, id=12773, 801.99625pt x 269.005pt>
File: graph_8hh__dep__incl.pdf Graphic file (type pdf)
<use graph_8hh__dep__incl.pdf>
Package pdftex.def Info: graph_8hh__dep__incl.pdf  used on input line 20.
(pdftex.def)             Requested size: 350.0pt x 117.39795pt.
 [242] [243] [244]) (./lexer_8cc.tex <./lexer_8cc__incl.pdf

pdfTeX warning: pdflatex (file ./lexer_8cc__incl.pdf): PDF inclusion: multiple 
pdfs with page group included in a single page
>
<lexer_8cc__incl.pdf, id=12843, 1029.8475pt x 381.425pt>
File: lexer_8cc__incl.pdf Graphic file (type pdf)
<use lexer_8cc__incl.pdf>
Package pdftex.def Info: lexer_8cc__incl.pdf  used on input line 21.
(pdftex.def)             Requested size: 350.0pt x 129.62457pt.
 [245] [246] [247] [248] [249] [250] [251] [252] [253] [254] [255] [256]
[257] [258pdfTeX warning (ext4): destination with the same identifier (name{lex
er_8cc_ae65cb72d09db0abdc4b8e8c4d533ab14}) has been already used, duplicate ign
ored
<argument> ...shipout:D \box_use:N \l_shipout_box 
                                                  
l.828 \doxysubsubsection
                        {\texorpdfstring{yyterminate}{yyterminate}}] [259]
[260]
Underfull \hbox (badness 10000) detected at line 940
[][][]
 []

[261]
Underfull \hbox (badness 10000) detected at line 978
[][][]
 []

[262]
Underfull \hbox (badness 10000) detected at line 994
[][][]
 []


Underfull \hbox (badness 10000) detected at line 1008
[][][]
 []


Underfull \hbox (badness 10000) detected at line 1011
[][][]
 []

[263] [264] [265]
Underfull \hbox (badness 10000) detected at line 1119
[][][]
 []


Underfull \hbox (badness 10000) detected at line 1145
[][][]
 []

[266] [267]) (./lexer_8hh.tex <./lexer_8hh__incl.pdf

pdfTeX warning: pdflatex (file ./lexer_8hh__incl.pdf): PDF inclusion: multiple 
pdfs with page group included in a single page
>
<lexer_8hh__incl.pdf, id=13338, 396.48125pt x 156.585pt>
File: lexer_8hh__incl.pdf Graphic file (type pdf)
<use lexer_8hh__incl.pdf>
Package pdftex.def Info: lexer_8hh__incl.pdf  used on input line 13.
(pdftex.def)             Requested size: 350.0pt x 138.23007pt.
 [268] <./lexer_8hh__dep__incl.pdf

pdfTeX warning: pdflatex (file ./lexer_8hh__dep__incl.pdf): PDF inclusion: mult
iple pdfs with page group included in a single page
>
<lexer_8hh__dep__incl.pdf, id=13349, 138.5175pt x 156.585pt>
File: lexer_8hh__dep__incl.pdf Graphic file (type pdf)
<use lexer_8hh__dep__incl.pdf>
Package pdftex.def Info: lexer_8hh__dep__incl.pdf  used on input line 21.
(pdftex.def)             Requested size: 138.0pt x 156.00162pt.
 [269] [270] [271] [272] [273] [274] [275] [276]
Underfull \hbox (badness 10000) detected at line 455
[][][]
 []

[277]
Underfull \hbox (badness 10000) detected at line 493
[][][]
 []


Underfull \hbox (badness 10000) detected at line 509
[][][]
 []

[278]
Underfull \hbox (badness 10000) detected at line 523
[][][]
 []


Underfull \hbox (badness 10000) detected at line 526
[][][]
 []

[279] [280] [281]
Underfull \hbox (badness 10000) detected at line 640
[][][]
 []


Underfull \hbox (badness 10000) detected at line 666
[][][]
 []

[282]) (./location_8hh.tex <./location_8hh__incl.pdf

pdfTeX warning: pdflatex (file ./location_8hh__incl.pdf): PDF inclusion: multip
le pdfs with page group included in a single page
>
<location_8hh__incl.pdf, id=13618, 194.7275pt x 156.585pt>
File: location_8hh__incl.pdf Graphic file (type pdf)
<use location_8hh__incl.pdf>
Package pdftex.def Info: location_8hh__incl.pdf  used on input line 10.
(pdftex.def)             Requested size: 194.0pt x 156.0064pt.
 [283] <./location_8hh__dep__incl.pdf

pdfTeX warning: pdflatex (file ./location_8hh__dep__incl.pdf): PDF inclusion: m
ultiple pdfs with page group included in a single page
>
<location_8hh__dep__incl.pdf, id=13629, 349.305pt x 269.005pt>
File: location_8hh__dep__incl.pdf Graphic file (type pdf)
<use location_8hh__dep__incl.pdf>
Package pdftex.def Info: location_8hh__dep__incl.pdf  used on input line 18.
(pdftex.def)             Requested size: 348.0pt x 268.01509pt.
 [284]) (./main_8cc.tex <./main_8cc__incl.pdf>
<main_8cc__incl.pdf, id=13661, 761.84625pt x 381.425pt>
File: main_8cc__incl.pdf Graphic file (type pdf)
<use main_8cc__incl.pdf>
Package pdftex.def Info: main_8cc__incl.pdf  used on input line 11.
(pdftex.def)             Requested size: 350.0pt x 175.23064pt.
 [285] [286])
(./nodesize_8hh.tex <./nodesize_8hh__incl.pdf>
<nodesize_8hh__incl.pdf, id=13693, 316.18124pt x 156.585pt>
File: nodesize_8hh__incl.pdf Graphic file (type pdf)
<use nodesize_8hh__incl.pdf>
Package pdftex.def Info: nodesize_8hh__incl.pdf  used on input line 12.
(pdftex.def)             Requested size: 315.0pt x 156.01117pt.
 [287] <./nodesize_8hh__dep__incl.pdf

pdfTeX warning: pdflatex (file ./nodesize_8hh__dep__incl.pdf): PDF inclusion: m
ultiple pdfs with page group included in a single page
>
<nodesize_8hh__dep__incl.pdf, id=13703, 732.7375pt x 325.215pt>
File: nodesize_8hh__dep__incl.pdf Graphic file (type pdf)
<use nodesize_8hh__dep__incl.pdf>
Package pdftex.def Info: nodesize_8hh__dep__incl.pdf  used on input line 20.
(pdftex.def)             Requested size: 350.0pt x 155.34218pt.
) (./optimize_8cc.tex <./optimize_8cc__incl.pdf

pdfTeX warning: pdflatex (file ./optimize_8cc__incl.pdf): PDF inclusion: multip
le pdfs with page group included in a single page
>
<optimize_8cc__incl.pdf, id=13711, 354.32375pt x 269.005pt>
File: optimize_8cc__incl.pdf Graphic file (type pdf)
<use optimize_8cc__incl.pdf>
Package pdftex.def Info: optimize_8cc__incl.pdf  used on input line 11.
(pdftex.def)             Requested size: 350.0pt x 265.72879pt.
) (./output_8cc.tex [288] <./output_8cc__incl.pdf>
<output_8cc__incl.pdf, id=13725, 374.39874pt x 269.005pt>
File: output_8cc__incl.pdf Graphic file (type pdf)
<use output_8cc__incl.pdf>
Package pdftex.def Info: output_8cc__incl.pdf  used on input line 12.
(pdftex.def)             Requested size: 350.0pt x 251.48965pt.
) (./parser_8cc.tex <./parser_8cc__incl.pdf

pdfTeX warning: pdflatex (file ./parser_8cc__incl.pdf): PDF inclusion: multiple
 pdfs with page group included in a single page
>
<parser_8cc__incl.pdf, id=13731, 1127.21124pt x 381.425pt>
File: parser_8cc__incl.pdf Graphic file (type pdf)
<use parser_8cc__incl.pdf>
Package pdftex.def Info: parser_8cc__incl.pdf  used on input line 14.
(pdftex.def)             Requested size: 350.0pt x 118.43259pt.
 [289] [290] [291] [292]) (./parser_8hh.tex <./parser_8hh__incl.pdf

pdfTeX warning: pdflatex (file ./parser_8hh__incl.pdf): PDF inclusion: multiple
 pdfs with page group included in a single page
>
<parser_8hh__incl.pdf, id=13811, 698.61pt x 269.005pt>
File: parser_8hh__incl.pdf Graphic file (type pdf)
<use parser_8hh__incl.pdf>
Package pdftex.def Info: parser_8hh__incl.pdf  used on input line 18.
(pdftex.def)             Requested size: 350.0pt x 134.76897pt.
 [293] <./parser_8hh__dep__incl.pdf

pdfTeX warning: pdflatex (file ./parser_8hh__dep__incl.pdf): PDF inclusion: mul
tiple pdfs with page group included in a single page
>
<parser_8hh__dep__incl.pdf, id=13821, 349.305pt x 212.795pt>
File: parser_8hh__dep__incl.pdf Graphic file (type pdf)
<use parser_8hh__dep__incl.pdf>
Package pdftex.def Info: parser_8hh__dep__incl.pdf  used on input line 26.
(pdftex.def)             Requested size: 348.0pt x 212.01193pt.
 [294] [295] [296] [297] [298]) (./_r_e_a_d_m_e_8md.tex) (./subsume_8cc.tex <./
subsume_8cc__incl.pdf

pdfTeX warning: pdflatex (file ./subsume_8cc__incl.pdf): PDF inclusion: multipl
e pdfs with page group included in a single page
>
<subsume_8cc__incl.pdf, id=13910, 354.32375pt x 269.005pt>
File: subsume_8cc__incl.pdf Graphic file (type pdf)
<use subsume_8cc__incl.pdf>
Package pdftex.def Info: subsume_8cc__incl.pdf  used on input line 10.
(pdftex.def)             Requested size: 350.0pt x 265.72879pt.
) (./util_8cc.tex [299] <./util_8cc__incl.pdf>
<util_8cc__incl.pdf, id=13926, 148.555pt x 212.795pt>
File: util_8cc__incl.pdf Graphic file (type pdf)
<use util_8cc__incl.pdf>
Package pdftex.def Info: util_8cc__incl.pdf  used on input line 10.
(pdftex.def)             Requested size: 148.0pt x 212.00868pt.
) (./util_8hh.tex <./util_8hh__incl.pdf

pdfTeX warning: pdflatex (file ./util_8hh__incl.pdf): PDF inclusion: multiple p
dfs with page group included in a single page
>
<util_8hh__incl.pdf, id=13933, 123.46124pt x 156.585pt>
File: util_8hh__incl.pdf Graphic file (type pdf)
<use util_8hh__incl.pdf>
Package pdftex.def Info: util_8hh__incl.pdf  used on input line 9.
(pdftex.def)             Requested size: 123.0pt x 156.00879pt.
 [300] <./util_8hh__dep__incl.pdf>
<util_8hh__dep__incl.pdf, id=13948, 198.7425pt x 156.585pt>
File: util_8hh__dep__incl.pdf Graphic file (type pdf)
<use util_8hh__dep__incl.pdf>
Package pdftex.def Info: util_8hh__dep__incl.pdf  used on input line 17.
(pdftex.def)             Requested size: 198.0pt x 156.004pt.
) [301] [302

] (./refman.ind [303


]
Underfull \hbox (badness 10000) in paragraph at lines 220--222
[]| \T1/phv/m/n/10 an-not_load_buffer_state_ALREADY_DEFINED,
 []

[304]
Underfull \hbox (badness 10000) in paragraph at lines 228--230
[]| \T1/phv/m/n/10 an-noten-sure_buffer_stack_ALREADY_DEFINED,
 []


Underfull \hbox (badness 10000) in paragraph at lines 238--240
[]| \T1/phv/m/n/10 an-not-push_buffer_state_ALREADY_DEFINED,
 []

[305] [306]
Underfull \hbox (badness 10000) in paragraph at lines 488--489
[]| \T1/phv/m/n/10 YY_IGNORE_MAYBE_UNINITIALIZED_BEGIN,
 []

[307] [308] [309] [310] [311] [312] [313] [314] [315] [316]
Underfull \hbox (badness 10000) in paragraph at lines 1673--1674
[]| \T1/phv/m/n/10 YY_IGNORE_MAYBE_UNINITIALIZED_BEGIN,
 []

[317] [318] [319] [320] [321] [322] [323] [324] [325] [326] [327])
(./refman.aux)

LaTeX Warning: There were multiply-defined labels.

Package rerunfilecheck Info: File `refman.out' has not changed.
(rerunfilecheck)             Checksum: BA2DB550C396FA914FBC4A779C3CE849;286707.

 ) 
Here is how much of TeX's memory you used:
 23055 strings out of 480851
 467148 string characters out of 5905576
 1001367 words of memory out of 5000000
 36472 multiletter control sequences out of 15000+600000
 469612 words of font info for 115 fonts, out of 8000000 for 9000
 62 hyphenation exceptions out of 8191
 112i,16n,117p,1036b,1476s stack positions out of 5000i,500n,10000p,200000b,80000s
{/usr/share/texmf-dist/fonts/enc/dvips/base/8r.enc}</usr/share/texmf-dist/fon
ts/type1/public/amsfonts/cm/cmmi10.pfb></usr/share/texmf-dist/fonts/type1/publi
c/amsfonts/cm/cmmi12.pfb></usr/share/texmf-dist/fonts/type1/public/amsfonts/cm/
cmmi7.pfb></usr/share/texmf-dist/fonts/type1/public/amsfonts/cm/cmmi8.pfb></usr
/share/texmf-dist/fonts/type1/public/amsfonts/cm/cmsy10.pfb></usr/share/texmf-d
ist/fonts/type1/public/amsfonts/cm/cmsy7.pfb></usr/share/texmf-dist/fonts/type1
/public/amsfonts/cm/cmsy8.pfb></usr/share/texmf-dist/fonts/type1/public/amsfont
s/cm/cmsy9.pfb></usr/share/texmf-dist/fonts/type1/urw/courier/ucrb8a.pfb></usr/
share/texmf-dist/fonts/type1/urw/courier/ucrr8a.pfb></usr/share/texmf-dist/font
s/type1/urw/courier/ucrro8a.pfb></usr/share/texmf-dist/fonts/type1/urw/helvetic
/uhvb8a.pfb></usr/share/texmf-dist/fonts/type1/urw/helvetic/uhvb8ac.pfb></usr/s
hare/texmf-dist/fonts/type1/urw/helvetic/uhvr8a.pfb></usr/share/texmf-dist/font
s/type1/urw/helvetic/uhvro8a.pfb></usr/share/texmf-dist/fonts/type1/public/nimb
us15/zhv-Reg.pfb>
Output written on refman.pdf (363 pages, 1236919 bytes).
PDF statistics:
 17255 PDF objects out of 18468 (max. 8388607)
 16514 compressed objects within 166 object streams
 3342 named destinations out of 3580 (max. 500000)
 11641 words of extra memory for PDF output out of 12000 (max. 10000000)

